{"D:\\InterviewTest\\codetest\\src\\action\\ControlledPromise.js": {"path":"D:\\InterviewTest\\codetest\\src\\action\\ControlledPromise.js","statementMap":{"0":{"start":{"line":15,"column":8},"end":{"line":19,"column":10}},"1":{"start":{"line":17,"column":12},"end":{"line":17,"column":35}},"2":{"start":{"line":18,"column":12},"end":{"line":18,"column":33}},"3":{"start":{"line":23,"column":8},"end":{"line":23,"column":28}},"4":{"start":{"line":26,"column":8},"end":{"line":26,"column":28}},"5":{"start":{"line":30,"column":8},"end":{"line":30,"column":28}}},"fnMap":{"0":{"name":"(anonymous_0)","decl":{"start":{"line":14,"column":4},"end":{"line":14,"column":5}},"loc":{"start":{"line":14,"column":18},"end":{"line":20,"column":5}},"line":14},"1":{"name":"(anonymous_1)","decl":{"start":{"line":15,"column":35},"end":{"line":15,"column":36}},"loc":{"start":{"line":15,"column":56},"end":{"line":19,"column":9}},"line":15},"2":{"name":"(anonymous_2)","decl":{"start":{"line":22,"column":4},"end":{"line":22,"column":5}},"loc":{"start":{"line":22,"column":19},"end":{"line":24,"column":5}},"line":22},"3":{"name":"(anonymous_3)","decl":{"start":{"line":25,"column":4},"end":{"line":25,"column":5}},"loc":{"start":{"line":25,"column":20},"end":{"line":27,"column":5}},"line":25},"4":{"name":"(anonymous_4)","decl":{"start":{"line":29,"column":4},"end":{"line":29,"column":5}},"loc":{"start":{"line":29,"column":17},"end":{"line":31,"column":5}},"line":29}},"branchMap":{},"s":{"0":2,"1":2,"2":2,"3":0,"4":0,"5":2},"f":{"0":2,"1":2,"2":0,"3":0,"4":2},"b":{},"_coverageSchema":"1a1c01bbd47fc00a2c39e90264f33305004495a9","hash":"58ea23b2ad0b8438f43343cd6ee3a45294c28297"}
}
